# JRE version: Java(TM) SE Runtime Environment (8.0_112-b15) (build 1.8.0_112-b15)
# Java VM: Java HotSpot(TM) 64-Bit Server VM (25.112-b15 mixed mode windows-amd64 compressed oops)
Heap:
 PSYoungGen      total 40960K, used 12819K [0x00000007bc400000, 0x00000007c0000000, 0x00000007c0000000)
  eden space 20480K, 52% used [0x00000007bc400000,0x00000007bce77098,0x00000007bd800000)
  from space 20480K, 10% used [0x00000007bec00000,0x00000007bee0deb0,0x00000007c0000000)
  to   space 20480K, 0% used [0x00000007bd800000,0x00000007bd800000,0x00000007bec00000)
 ParOldGen       total 454144K, used 418025K [0x0000000700000000, 0x000000071bb80000, 0x00000007bc400000)
  object space 454144K, 92% used [0x0000000700000000,0x000000071983a520,0x000000071bb80000)
 Metaspace       used 91922K, capacity 92975K, committed 93696K, reserved 1128448K
  class space    used 13555K, capacity 13768K, committed 13824K, reserved 1048576K
GC Heap History (10 events):
Event: 12595.880 GC heap before
{Heap before GC invocations=1447 (full 39):
 PSYoungGen      total 40960K, used 38244K [0x00000007bc400000, 0x00000007c0000000, 0x00000007c0000000)
  eden space 20480K, 100% used [0x00000007bc400000,0x00000007bd800000,0x00000007bd800000)
  from space 20480K, 86% used [0x00000007bd800000,0x00000007be959278,0x00000007bec00000)
  to   space 20480K, 0% used [0x00000007bec00000,0x00000007bec00000,0x00000007c0000000)
 ParOldGen       total 454144K, used 376912K [0x0000000700000000, 0x000000071bb80000, 0x00000007bc400000)
  object space 454144K, 82% used [0x0000000700000000,0x00000007170142c0,0x000000071bb80000)
 Metaspace       used 91914K, capacity 92975K, committed 93696K, reserved 1128448K
  class space    used 13555K, capacity 13768K, committed 13824K, reserved 1048576K
Event: 12595.889 GC heap after
Heap after GC invocations=1447 (full 39):
 PSYoungGen      total 40960K, used 16948K [0x00000007bc400000, 0x00000007c0000000, 0x00000007c0000000)
  eden space 20480K, 0% used [0x00000007bc400000,0x00000007bc400000,0x00000007bd800000)
  from space 20480K, 82% used [0x00000007bec00000,0x00000007bfc8d2f8,0x00000007c0000000)
  to   space 20480K, 0% used [0x00000007bd800000,0x00000007bd800000,0x00000007bec00000)
 ParOldGen       total 454144K, used 385568K [0x0000000700000000, 0x000000071bb80000, 0x00000007bc400000)
  object space 454144K, 84% used [0x0000000700000000,0x00000007178883a0,0x000000071bb80000)
 Metaspace       used 91914K, capacity 92975K, committed 93696K, reserved 1128448K
  class space    used 13555K, capacity 13768K, committed 13824K, reserved 1048576K
}
Event: 12600.506 GC heap before
{Heap before GC invocations=1448 (full 39):
 PSYoungGen      total 40960K, used 37428K [0x00000007bc400000, 0x00000007c0000000, 0x00000007c0000000)
  eden space 20480K, 100% used [0x00000007bc400000,0x00000007bd800000,0x00000007bd800000)
  from space 20480K, 82% used [0x00000007bec00000,0x00000007bfc8d2f8,0x00000007c0000000)
  to   space 20480K, 0% used [0x00000007bd800000,0x00000007bd800000,0x00000007bec00000)
 ParOldGen       total 454144K, used 385568K [0x0000000700000000, 0x000000071bb80000, 0x00000007bc400000)
  object space 454144K, 84% used [0x0000000700000000,0x00000007178883a0,0x000000071bb80000)
 Metaspace       used 91915K, capacity 92975K, committed 93696K, reserved 1128448K
  class space    used 13555K, capacity 13768K, committed 13824K, reserved 1048576K
Event: 12600.513 GC heap after
Heap after GC invocations=1448 (full 39):
 PSYoungGen      total 40960K, used 17100K [0x00000007bc400000, 0x00000007c0000000, 0x00000007c0000000)
  eden space 20480K, 0% used [0x00000007bc400000,0x00000007bc400000,0x00000007bd800000)
  from space 20480K, 83% used [0x00000007bd800000,0x00000007be8b30a0,0x00000007bec00000)
  to   space 20480K, 0% used [0x00000007bec00000,0x00000007bec00000,0x00000007c0000000)
 ParOldGen       total 454144K, used 393567K [0x0000000700000000, 0x000000071bb80000, 0x00000007bc400000)
  object space 454144K, 86% used [0x0000000700000000,0x0000000718057ed8,0x000000071bb80000)
 Metaspace       used 91915K, capacity 92975K, committed 93696K, reserved 1128448K
  class space    used 13555K, capacity 13768K, committed 13824K, reserved 1048576K
}
Event: 12600.917 GC heap before
{Heap before GC invocations=1449 (full 39):
 PSYoungGen      total 40960K, used 37580K [0x00000007bc400000, 0x00000007c0000000, 0x00000007c0000000)
  eden space 20480K, 100% used [0x00000007bc400000,0x00000007bd800000,0x00000007bd800000)
  from space 20480K, 83% used [0x00000007bd800000,0x00000007be8b30a0,0x00000007bec00000)
  to   space 20480K, 0% used [0x00000007bec00000,0x00000007bec00000,0x00000007c0000000)
 ParOldGen       total 454144K, used 393567K [0x0000000700000000, 0x000000071bb80000, 0x00000007bc400000)
  object space 454144K, 86% used [0x0000000700000000,0x0000000718057ed8,0x000000071bb80000)
 Metaspace       used 91915K, capacity 92975K, committed 93696K, reserved 1128448K
  class space    used 13555K, capacity 13768K, committed 13824K, reserved 1048576K
Event: 12600.922 GC heap after
Heap after GC invocations=1449 (full 39):
 PSYoungGen      total 40960K, used 1139K [0x00000007bc400000, 0x00000007c0000000, 0x00000007c0000000)
  eden space 20480K, 0% used [0x00000007bc400000,0x00000007bc400000,0x00000007bd800000)
  from space 20480K, 5% used [0x00000007bec00000,0x00000007bed1ce90,0x00000007c0000000)
  to   space 20480K, 0% used [0x00000007bd800000,0x00000007bd800000,0x00000007bec00000)
 ParOldGen       total 454144K, used 417431K [0x0000000700000000, 0x000000071bb80000, 0x00000007bc400000)
  object space 454144K, 91% used [0x0000000700000000,0x00000007197a5f08,0x000000071bb80000)
 Metaspace       used 91915K, capacity 92975K, committed 93696K, reserved 1128448K
  class space    used 13555K, capacity 13768K, committed 13824K, reserved 1048576K
}
Event: 12602.249 GC heap before
{Heap before GC invocations=1450 (full 39):
 PSYoungGen      total 40960K, used 21619K [0x00000007bc400000, 0x00000007c0000000, 0x00000007c0000000)
  eden space 20480K, 100% used [0x00000007bc400000,0x00000007bd800000,0x00000007bd800000)
  from space 20480K, 5% used [0x00000007bec00000,0x00000007bed1ce90,0x00000007c0000000)
  to   space 20480K, 0% used [0x00000007bd800000,0x00000007bd800000,0x00000007bec00000)
 ParOldGen       total 454144K, used 417431K [0x0000000700000000, 0x000000071bb80000, 0x00000007bc400000)
  object space 454144K, 91% used [0x0000000700000000,0x00000007197a5f08,0x000000071bb80000)
 Metaspace       used 91922K, capacity 92975K, committed 93696K, reserved 1128448K
  class space    used 13555K, capacity 13768K, committed 13824K, reserved 1048576K
Event: 12602.253 GC heap after
Heap after GC invocations=1450 (full 39):
 PSYoungGen      total 40960K, used 1431K [0x00000007bc400000, 0x00000007c0000000, 0x00000007c0000000)
  eden space 20480K, 0% used [0x00000007bc400000,0x00000007bc400000,0x00000007bd800000)
  from space 20480K, 6% used [0x00000007bd800000,0x00000007bd965eb0,0x00000007bec00000)
  to   space 20480K, 0% used [0x00000007bec00000,0x00000007bec00000,0x00000007c0000000)
 ParOldGen       total 454144K, used 417677K [0x0000000700000000, 0x000000071bb80000, 0x00000007bc400000)
  object space 454144K, 91% used [0x0000000700000000,0x00000007197e3528,0x000000071bb80000)
 Metaspace       used 91922K, capacity 92975K, committed 93696K, reserved 1128448K
  class space    used 13555K, capacity 13768K, committed 13824K, reserved 1048576K
}
Event: 12604.371 GC heap before
{Heap before GC invocations=1451 (full 39):
 PSYoungGen      total 40960K, used 21911K [0x00000007bc400000, 0x00000007c0000000, 0x00000007c0000000)
  eden space 20480K, 100% used [0x00000007bc400000,0x00000007bd800000,0x00000007bd800000)
  from space 20480K, 6% used [0x00000007bd800000,0x00000007bd965eb0,0x00000007bec00000)
  to   space 20480K, 0% used [0x00000007bec00000,0x00000007bec00000,0x00000007c0000000)
 ParOldGen       total 454144K, used 417677K [0x0000000700000000, 0x000000071bb80000, 0x00000007bc400000)
  object space 454144K, 91% used [0x0000000700000000,0x00000007197e3528,0x000000071bb80000)
 Metaspace       used 91922K, capacity 92975K, committed 93696K, reserved 1128448K
  class space    used 13555K, capacity 13768K, committed 13824K, reserved 1048576K
Event: 12604.376 GC heap after
Heap after GC invocations=1451 (full 39):
 PSYoungGen      total 40960K, used 2103K [0x00000007bc400000, 0x00000007c0000000, 0x00000007c0000000)
  eden space 20480K, 0% used [0x00000007bc400000,0x00000007bc400000,0x00000007bd800000)
  from space 20480K, 10% used [0x00000007bec00000,0x00000007bee0deb0,0x00000007c0000000)
  to   space 20480K, 0% used [0x00000007bd800000,0x00000007bd800000,0x00000007bec00000)
 ParOldGen       total 454144K, used 418025K [0x0000000700000000, 0x000000071bb80000, 0x00000007bc400000)
  object space 454144K, 92% used [0x0000000700000000,0x000000071983a520,0x000000071bb80000)
 Metaspace       used 91922K, capacity 92975K, committed 93696K, reserved 1128448K
  class space    used 13555K, capacity 13768K, committed 13824K, reserved 1048576K
}

